<?xml version="1.0" encoding="UTF-8"?>
<!-- Generated by org.testng.reporters.JUnitReportReporter -->
<testsuite skipped="0" hostname="ASHOK-PC" name="com.PageTestClasses.HomePageTest" tests="2" failures="0" timestamp="24 Apr 2019 06:28:11 GMT" time="9.508" errors="0">
  <testcase name="verifyHomepageTitle" time="0.030" classname="com.PageTestClasses.HomePageTest"/>
  <testcase name="bookTicketTest" time="9.478" classname="com.PageTestClasses.HomePageTest"/>
</testsuite> <!-- com.PageTestClasses.HomePageTest -->
